Compiling the CXX compiler identification source file "CMakeCXXCompilerId.cpp" failed.
Compiler: CMAKE_CXX_COMPILER-NOTFOUND 
Build flags: 
Id flags: 

The output was:
No such file or directory


Compiling the CXX compiler identification source file "CMakeCXXCompilerId.cpp" failed.
Compiler: CMAKE_CXX_COMPILER-NOTFOUND 
Build flags: 
Id flags: -c

The output was:
No such file or directory


Checking whether the CXX compiler is IAR using "" did not match "IAR .+ Compiler":
Determining if the pthread_create exist failed with the following output:
Change Dir: /catkin_ws/build/CMakeFiles/CMakeTmp

Run Build Command:/usr/bin/make "cmTryCompileExec801603372/fast"
/usr/bin/make -f CMakeFiles/cmTryCompileExec801603372.dir/build.make CMakeFiles/cmTryCompileExec801603372.dir/build
make[1]: Entering directory `/catkin_ws/build/CMakeFiles/CMakeTmp'
/usr/bin/cmake -E cmake_progress_report /catkin_ws/build/CMakeFiles/CMakeTmp/CMakeFiles 1
Building C object CMakeFiles/cmTryCompileExec801603372.dir/CheckSymbolExists.c.o
/usr/bin/cc    -o CMakeFiles/cmTryCompileExec801603372.dir/CheckSymbolExists.c.o   -c /catkin_ws/build/CMakeFiles/CMakeTmp/CheckSymbolExists.c
Linking C executable cmTryCompileExec801603372
/usr/bin/cmake -E cmake_link_script CMakeFiles/cmTryCompileExec801603372.dir/link.txt --verbose=1
/usr/bin/cc       CMakeFiles/cmTryCompileExec801603372.dir/CheckSymbolExists.c.o  -o cmTryCompileExec801603372 -rdynamic 
CMakeFiles/cmTryCompileExec801603372.dir/CheckSymbolExists.c.o: In function `main':
CheckSymbolExists.c:(.text+0x16): undefined reference to `pthread_create'
collect2: error: ld returned 1 exit status
make[1]: *** [cmTryCompileExec801603372] Error 1
make[1]: Leaving directory `/catkin_ws/build/CMakeFiles/CMakeTmp'
make: *** [cmTryCompileExec801603372/fast] Error 2

File /catkin_ws/build/CMakeFiles/CMakeTmp/CheckSymbolExists.c:
/* */
#include <pthread.h>

int main(int argc, char** argv)
{
  (void)argv;
#ifndef pthread_create
  return ((int*)(&pthread_create))[argc];
#else
  (void)argc;
  return 0;
#endif
}

Determining if the function pthread_create exists in the pthreads failed with the following output:
Change Dir: /catkin_ws/build/CMakeFiles/CMakeTmp

Run Build Command:/usr/bin/make "cmTryCompileExec2277914507/fast"
/usr/bin/make -f CMakeFiles/cmTryCompileExec2277914507.dir/build.make CMakeFiles/cmTryCompileExec2277914507.dir/build
make[1]: Entering directory `/catkin_ws/build/CMakeFiles/CMakeTmp'
/usr/bin/cmake -E cmake_progress_report /catkin_ws/build/CMakeFiles/CMakeTmp/CMakeFiles 1
Building C object CMakeFiles/cmTryCompileExec2277914507.dir/CheckFunctionExists.c.o
/usr/bin/cc   -DCHECK_FUNCTION_EXISTS=pthread_create   -o CMakeFiles/cmTryCompileExec2277914507.dir/CheckFunctionExists.c.o   -c /usr/share/cmake-2.8/Modules/CheckFunctionExists.c
Linking C executable cmTryCompileExec2277914507
/usr/bin/cmake -E cmake_link_script CMakeFiles/cmTryCompileExec2277914507.dir/link.txt --verbose=1
/usr/bin/cc   -DCHECK_FUNCTION_EXISTS=pthread_create    CMakeFiles/cmTryCompileExec2277914507.dir/CheckFunctionExists.c.o  -o cmTryCompileExec2277914507 -rdynamic -lpthreads 
/usr/bin/ld: cannot find -lpthreads
collect2: error: ld returned 1 exit status
make[1]: *** [cmTryCompileExec2277914507] Error 1
make[1]: Leaving directory `/catkin_ws/build/CMakeFiles/CMakeTmp'
make: *** [cmTryCompileExec2277914507/fast] Error 2


